2024-12-02 18:42:06,262 - INFO - Starting up and connecting to the database...
2024-12-02 18:42:06,266 - INFO - BEGIN (implicit)
2024-12-02 18:42:06,267 - INFO - PRAGMA main.table_info("userindb")
2024-12-02 18:42:06,267 - INFO - [raw sql] ()
2024-12-02 18:42:06,268 - INFO - COMMIT
2024-12-02 18:42:17,610 - INFO - BEGIN (implicit)
2024-12-02 18:42:17,613 - INFO - SELECT userindb.id, userindb.username, userindb.email, userindb.is_active, userindb.is_superuser, userindb.is_verified, userindb.created_at, userindb.password 
FROM userindb 
WHERE userindb.username = ?
2024-12-02 18:42:17,613 - INFO - [generated in 0.00031s] ('vnhd1',)
2024-12-02 18:42:17,793 - INFO - ROLLBACK
2024-12-02 18:42:28,838 - INFO - BEGIN (implicit)
2024-12-02 18:42:28,839 - INFO - SELECT userindb.id, userindb.username, userindb.email, userindb.is_active, userindb.is_superuser, userindb.is_verified, userindb.created_at, userindb.password 
FROM userindb 
WHERE userindb.username = ?
2024-12-02 18:42:28,839 - INFO - [cached since 11.23s ago] ('vnhd1',)
2024-12-02 18:42:28,841 - INFO - ROLLBACK
2024-12-02 18:44:09,507 - INFO - Shutting down and disconnecting from the database...
2024-12-02 18:44:10,470 - INFO - Starting up and connecting to the database...
2024-12-02 18:44:10,471 - INFO - BEGIN (implicit)
2024-12-02 18:44:10,472 - INFO - PRAGMA main.table_info("userindb")
2024-12-02 18:44:10,472 - INFO - [raw sql] ()
2024-12-02 18:44:10,473 - INFO - COMMIT
2024-12-02 18:45:28,212 - INFO - Shutting down and disconnecting from the database...
2024-12-02 18:45:29,184 - INFO - Starting up and connecting to the database...
2024-12-02 18:45:29,185 - INFO - BEGIN (implicit)
2024-12-02 18:45:29,186 - INFO - PRAGMA main.table_info("userindb")
2024-12-02 18:45:29,186 - INFO - [raw sql] ()
2024-12-02 18:45:29,187 - INFO - COMMIT
2024-12-02 18:45:32,295 - INFO - Shutting down and disconnecting from the database...
2024-12-02 18:45:33,230 - INFO - Starting up and connecting to the database...
2024-12-02 18:45:33,232 - INFO - BEGIN (implicit)
2024-12-02 18:45:33,232 - INFO - PRAGMA main.table_info("userindb")
2024-12-02 18:45:33,233 - INFO - [raw sql] ()
2024-12-02 18:45:33,234 - INFO - COMMIT
2024-12-02 18:45:39,448 - INFO - Shutting down and disconnecting from the database...
2024-12-02 18:45:40,415 - INFO - Starting up and connecting to the database...
2024-12-02 18:45:40,416 - INFO - BEGIN (implicit)
2024-12-02 18:45:40,417 - INFO - PRAGMA main.table_info("userindb")
2024-12-02 18:45:40,417 - INFO - [raw sql] ()
2024-12-02 18:45:40,418 - INFO - COMMIT
2024-12-02 18:45:47,834 - INFO - Shutting down and disconnecting from the database...
2024-12-02 18:45:48,778 - INFO - Starting up and connecting to the database...
2024-12-02 18:45:48,779 - INFO - BEGIN (implicit)
2024-12-02 18:45:48,780 - INFO - PRAGMA main.table_info("userindb")
2024-12-02 18:45:48,780 - INFO - [raw sql] ()
2024-12-02 18:45:48,781 - INFO - COMMIT
2024-12-02 18:50:22,975 - INFO - Shutting down and disconnecting from the database...
2024-12-02 18:50:46,432 - INFO - Starting up and connecting to the database...
2024-12-02 18:50:46,433 - INFO - BEGIN (implicit)
2024-12-02 18:50:46,434 - INFO - PRAGMA main.table_info("userindb")
2024-12-02 18:50:46,434 - INFO - [raw sql] ()
2024-12-02 18:50:46,435 - INFO - COMMIT
2024-12-02 18:50:51,246 - INFO - Shutting down and disconnecting from the database...
2024-12-02 18:50:52,170 - INFO - Starting up and connecting to the database...
2024-12-02 18:50:52,172 - INFO - BEGIN (implicit)
2024-12-02 18:50:52,172 - INFO - PRAGMA main.table_info("userindb")
2024-12-02 18:50:52,172 - INFO - [raw sql] ()
2024-12-02 18:50:52,173 - INFO - COMMIT
2024-12-02 18:51:35,758 - INFO - Shutting down and disconnecting from the database...
2024-12-02 18:51:36,708 - INFO - Starting up and connecting to the database...
2024-12-02 18:51:36,710 - INFO - BEGIN (implicit)
2024-12-02 18:51:36,711 - INFO - PRAGMA main.table_info("userindb")
2024-12-02 18:51:36,711 - INFO - [raw sql] ()
2024-12-02 18:51:36,712 - INFO - COMMIT
2024-12-02 18:51:38,316 - INFO - Shutting down and disconnecting from the database...
2024-12-02 18:51:39,233 - INFO - Starting up and connecting to the database...
2024-12-02 18:51:39,234 - INFO - BEGIN (implicit)
2024-12-02 18:51:39,235 - INFO - PRAGMA main.table_info("userindb")
2024-12-02 18:51:39,235 - INFO - [raw sql] ()
2024-12-02 18:51:39,236 - INFO - COMMIT
2024-12-02 18:51:42,043 - INFO - Shutting down and disconnecting from the database...
2024-12-02 18:51:43,082 - INFO - Starting up and connecting to the database...
2024-12-02 18:51:43,084 - INFO - BEGIN (implicit)
2024-12-02 18:51:43,085 - INFO - PRAGMA main.table_info("userindb")
2024-12-02 18:51:43,085 - INFO - [raw sql] ()
2024-12-02 18:51:43,086 - INFO - COMMIT
