2025-08-02 09:28:20,386 - INFO - 6df5798c-a935-4841-9d2e-0e1696a578fd - test the payment logger
2025-08-02 09:34:51,720 - INFO - e357d5ea-8245-408a-95ae-f028536f1ab3 - test the payment logger
2025-08-02 09:38:10,397 - INFO - a1d5f230-a8f9-4667-a441-b8ea3193c6df - test the payment logger
2025-08-02 09:38:54,114 - INFO - f95392d9-c78c-42eb-9a9c-f34b2dedc143 - test the payment logger
2025-08-02 09:39:49,258 - INFO - d5a6334c-8ec8-4936-afe1-076c79980741 - api - test the payment logger
2025-08-02 09:40:55,196 - INFO - 549ef5fe-04c7-4a75-8efd-b24acf031c68 - api - test the payment logger
2025-08-02 09:41:42,217 - INFO - 51bf7453-de32-4ea4-a28f-06f4cc1ec15d - api - test the payment logger
2025-08-02 09:42:34,918 - INFO - 2a762fd7-ca21-442b-abfd-f78f2895a5b8 - payment.api:144 - test the payment logger
2025-08-02 09:44:31,469 - INFO - 921fed8b-91ab-4981-8f10-407372b6a586 - logger=payment - module=api - line=144 - test the payment logger
2025-08-02 09:49:52,613 - INFO - 72743407-32e6-4732-992d-898e350bd499 - logger=payment - api - 144 - test the payment logger
2025-08-02 09:50:58,992 - INFO - 63a6909f-6c75-4326-9565-f573a17dcd17 - logger=payment - /Users/haidang029kg/projects/ytb-cln/ytb/src/api/auth/api.py - 144 - test the payment logger
2025-08-02 09:51:59,806 - INFO - d3f396e2-0d33-4fc2-a27f-f54078a9dafe - logger=payment - api.144 - test the payment logger
2025-08-02 09:52:13,816 - INFO - c143d996-1ac3-4ef2-b965-39d7be079ddd - logger=payment - api:144 - test the payment logger
2025-08-02 09:53:06,101 - INFO - 6702eb33-5253-440c-9c41-26956d0e09e4 - logger=payment - api:144 - test the payment logger
2025-08-02 09:53:36,984 - INFO - fc9ed07f-9267-4067-8abe-0366f213f0ec - logger=payment - api:144 - test the payment logger
2025-08-02 09:54:51,308 - INFO - 78519344-bef1-4d99-b68e-1ea9387670d5 - logger=payment - api:144 - test the payment logger
2025-08-02 09:54:54,410 - INFO - 72028e20-0ca5-43bc-8fb6-9ff00db96ab8 - logger=payment - api:144 - test the payment logger
2025-08-02 09:54:54,927 - INFO - 5cf5b1b4-00b1-4975-81c0-2d33f7aa0f93 - logger=payment - api:144 - test the payment logger
2025-08-02 09:54:55,431 - INFO - de8d3cda-0034-4e48-87e2-29301965f229 - logger=payment - api:144 - test the payment logger
2025-08-02 09:54:55,853 - INFO - 1b5fdd72-5a41-445e-8a84-87cf6d95baca - logger=payment - api:144 - test the payment logger
2025-08-02 09:54:56,307 - INFO - 5adbbedd-ddd1-4ab8-bda4-03879f4ff1a5 - logger=payment - api:144 - test the payment logger
2025-08-02 09:55:59,476 - INFO - 065ae387-6d2f-46d0-98b0-328be5efb76c - logger=payment - /Users/haidang029kg/projects/ytb-cln/ytb/src/api/auth/api.py:144 - test the payment logger
2025-08-02 09:58:11,168 - INFO - 52a00b6c-6d17-48c3-8d30-403eb99cf018 - logger=payment - api.py:144 - test the payment logger
2025-08-02 09:59:50,767 - INFO - 2c520d4d-1d94-4306-9d86-9bd4ca8baf14 - logger=payment - api.py:144 - test the payment logger
2025-08-02 10:03:55,273 - INFO - 1ecdd170-72d7-4f4f-8f20-84beb9e74205 - logger=payment - api.py:144 - test the payment logger
2025-08-02 10:05:26,289 - INFO - 3ae08c44-dc04-4392-a3bf-62444a7a23ab - logger=payment - api.py:144 - test the payment logger
2025-08-02 10:07:59,584 - INFO - 18134421-7eeb-47c4-b00c-c45f0d29253d - logger=payment - /Users/haidang029kg/projects/ytb-cln/ytb/src/api/auth/api.py:144 - test the payment logger
2025-08-02 10:08:01,857 - INFO - 4abbb582-5b8c-44ad-9fb9-6d1cebae5664 - logger=payment - /Users/haidang029kg/projects/ytb-cln/ytb/src/api/auth/api.py:144 - test the payment logger
2025-08-02 10:08:02,462 - INFO - 6d088c56-9ede-47f0-a05b-279376872f89 - logger=payment - /Users/haidang029kg/projects/ytb-cln/ytb/src/api/auth/api.py:144 - test the payment logger
